Using pre-set license
Built from '2020.3/staging' branch; Version is '2020.3.5f1 (8095aa901b9b) revision 8426922'; Using compiler version '192528614'; Build Type 'Release'
OS: 'Windows 10 Education; OS build 19044.1288; Version 2009; 64bit' Language: 'en' Physical Memory: 32704 MB
BatchMode: 1, IsHumanControllingUs: 0, StartBugReporterOnCrash: 0, Is64bit: 1, IsPro: 0

 COMMAND LINE ARGUMENTS:
C:\Program Files\Unity\Hub\Editor\2020.3.5f1\Editor\Unity.exe
-adb2
-batchMode
-noUpm
-name
AssetImportWorker0
-projectPath
C:/Users/s201119/Documents/TripleZeroRepo/ProjectFiles/TripleZeroProject
-logFile
Logs/AssetImportWorker0.log
-srvPort
<<<<<<< HEAD
61122
Successfully changed project path to: C:/Users/s192126/OneDrive - The Academy of Interactive Entertainment Ltd/Documents/RepoFolder/TripleZeroRepo/ProjectFiles/TripleZeroProject
C:/Users/s192126/OneDrive - The Academy of Interactive Entertainment Ltd/Documents/RepoFolder/TripleZeroRepo/ProjectFiles/TripleZeroProject
Using Asset Import Pipeline V2.
Refreshing native plugins compatible for Editor in 29.06 ms, found 0 plugins.
=======
52767
Successfully changed project path to: C:/Users/s201119/Documents/TripleZeroRepo/ProjectFiles/TripleZeroProject
C:/Users/s201119/Documents/TripleZeroRepo/ProjectFiles/TripleZeroProject
Using Asset Import Pipeline V2.
Refreshing native plugins compatible for Editor in 30.22 ms, found 0 plugins.
>>>>>>> main
Preloading 0 native plugins for Editor in 0.00 ms.
Initialize engine version: 2020.3.5f1 (8095aa901b9b)
[Subsystems] Discovering subsystems at path C:/Program Files/Unity/Hub/Editor/2020.3.5f1/Editor/Data/Resources/UnitySubsystems
[Subsystems] Discovering subsystems at path C:/Users/s201119/Documents/TripleZeroRepo/ProjectFiles/TripleZeroProject/Assets
GfxDevice: creating device client; threaded=0
Direct3D:
    Version:  Direct3D 11.0 [level 11.1]
    Renderer: NVIDIA GeForce GTX 1060 6GB (ID=0x1c03)
    Vendor:   
    VRAM:     6052 MB
    Driver:   30.0.14.9676
Initialize mono
Mono path[0] = 'C:/Program Files/Unity/Hub/Editor/2020.3.5f1/Editor/Data/Managed'
Mono path[1] = 'C:/Program Files/Unity/Hub/Editor/2020.3.5f1/Editor/Data/MonoBleedingEdge/lib/mono/unityjit'
Mono config path = 'C:/Program Files/Unity/Hub/Editor/2020.3.5f1/Editor/Data/MonoBleedingEdge/etc'
<<<<<<< HEAD
Using monoOptions --debugger-agent=transport=dt_socket,embedding=1,server=y,suspend=n,address=127.0.0.1:56724
=======
Using monoOptions --debugger-agent=transport=dt_socket,embedding=1,server=y,suspend=n,address=127.0.0.1:56440
>>>>>>> main
Begin MonoManager ReloadAssembly
Registering precompiled unity dll's ...
Register platform support module: C:/Program Files/Unity/Hub/Editor/2020.3.5f1/Editor/Data/PlaybackEngines/WebGLSupport/UnityEditor.WebGL.Extensions.dll
Register platform support module: C:/Program Files/Unity/Hub/Editor/2020.3.5f1/Editor/Data/PlaybackEngines/WindowsStandaloneSupport/UnityEditor.WindowsStandalone.Extensions.dll
<<<<<<< HEAD
Registered in 0.002170 seconds.
Native extension for WindowsStandalone target not found
Native extension for WebGL target not found
Refreshing native plugins compatible for Editor in 28.49 ms, found 0 plugins.
Preloading 0 native plugins for Editor in 0.00 ms.
Mono: successfully reloaded assembly
- Completed reload, in  1.246 seconds
Platform modules already initialized, skipping
Registering precompiled user dll's ...
Registered in 0.000918 seconds.
=======
Registered in 0.002399 seconds.
Native extension for WindowsStandalone target not found
Native extension for WebGL target not found
Refreshing native plugins compatible for Editor in 31.83 ms, found 0 plugins.
Preloading 0 native plugins for Editor in 0.00 ms.
Mono: successfully reloaded assembly
- Completed reload, in  1.360 seconds
Platform modules already initialized, skipping
Registering precompiled user dll's ...
Registered in 0.001037 seconds.
>>>>>>> main
Begin MonoManager ReloadAssembly
Native extension for WindowsStandalone target not found
Native extension for WebGL target not found
Refreshing native plugins compatible for Editor in 0.24 ms, found 0 plugins.
Preloading 0 native plugins for Editor in 0.00 ms.
Mono: successfully reloaded assembly
<<<<<<< HEAD
- Completed reload, in  0.939 seconds
=======
- Completed reload, in  0.908 seconds
>>>>>>> main
Platform modules already initialized, skipping
========================================================================
Worker process is ready to serve import requests
Launched and connected shader compiler UnityShaderCompiler.exe after 0.05 seconds
<<<<<<< HEAD
Refreshing native plugins compatible for Editor in 0.29 ms, found 0 plugins.
=======
Refreshing native plugins compatible for Editor in 0.46 ms, found 0 plugins.
>>>>>>> main
Preloading 0 native plugins for Editor in 0.00 ms.
Unloading 1478 Unused Serialized files (Serialized files now loaded: 0)
System memory in use before: 72.0 MB.
System memory in use after: 72.0 MB.

Unloading 11 unused Assets to reduce memory usage. Loaded Objects now: 1921.
<<<<<<< HEAD
Total: 2.233700 ms (FindLiveObjects: 0.348700 ms CreateObjectMapping: 0.169000 ms MarkObjects: 1.575300 ms  DeleteObjects: 0.139200 ms)

========================================================================
Received Import Request.
  path: Assets/Scenes/SampleScene.unity
  artifactKey: Guid(9fc0d4010bbf28b4594072e72b8655ab) Importer(815301076,1909f56bfc062723c751e8b465ee728b)
Start importing Assets/Scenes/SampleScene.unity using Guid(9fc0d4010bbf28b4594072e72b8655ab) Importer(815301076,1909f56bfc062723c751e8b465ee728b)  -> (artifact id: 'a006da84a5eeeeed85baba1e54613ff3') in 0.017151 seconds
  Import took 0.020754 seconds .

========================================================================
Received Import Request.
  Time since last request: 69.839116 seconds.
  path: Assets/Scripts
  artifactKey: Guid(781528bbdec7b83459e1a35391668c7e) Importer(815301076,1909f56bfc062723c751e8b465ee728b)
Start importing Assets/Scripts using Guid(781528bbdec7b83459e1a35391668c7e) Importer(815301076,1909f56bfc062723c751e8b465ee728b)  -> (artifact id: 'f285b39ac3c110ce91fdc0c209d22533') in 0.008361 seconds
  Import took 0.011908 seconds .

========================================================================
Received Import Request.
  Time since last request: 30.350034 seconds.
  path: Assets/Scripts/CameraFollow.cs
  artifactKey: Guid(31c3a62252e642e4c922a8215af60bc3) Importer(815301076,1909f56bfc062723c751e8b465ee728b)
Start importing Assets/Scripts/CameraFollow.cs using Guid(31c3a62252e642e4c922a8215af60bc3) Importer(815301076,1909f56bfc062723c751e8b465ee728b)  -> (artifact id: '9178be9d77cac271e3b426ef3ae134fa') in 0.036425 seconds
  Import took 0.039419 seconds .

========================================================================
Received Prepare
Registering precompiled user dll's ...
Registered in 0.000801 seconds.
Begin MonoManager ReloadAssembly
Native extension for WindowsStandalone target not found
Native extension for WebGL target not found
Refreshing native plugins compatible for Editor in 0.31 ms, found 0 plugins.
Preloading 0 native plugins for Editor in 0.00 ms.
Mono: successfully reloaded assembly
- Completed reload, in  1.127 seconds
Platform modules already initialized, skipping
Refreshing native plugins compatible for Editor in 0.25 ms, found 0 plugins.
Preloading 0 native plugins for Editor in 0.00 ms.
Unloading 1452 Unused Serialized files (Serialized files now loaded: 0)
System memory in use before: 70.6 MB.
System memory in use after: 70.7 MB.

Unloading 6 unused Assets to reduce memory usage. Loaded Objects now: 1925.
Total: 1.758300 ms (FindLiveObjects: 0.167800 ms CreateObjectMapping: 0.052500 ms MarkObjects: 1.444500 ms  DeleteObjects: 0.092300 ms)

========================================================================
Received Prepare
Registering precompiled user dll's ...
Registered in 0.000989 seconds.
Begin MonoManager ReloadAssembly
Native extension for WindowsStandalone target not found
Native extension for WebGL target not found
Refreshing native plugins compatible for Editor in 0.25 ms, found 0 plugins.
Preloading 0 native plugins for Editor in 0.00 ms.
Mono: successfully reloaded assembly
- Completed reload, in  0.950 seconds
Platform modules already initialized, skipping
Refreshing native plugins compatible for Editor in 0.26 ms, found 0 plugins.
Preloading 0 native plugins for Editor in 0.00 ms.
Unloading 1452 Unused Serialized files (Serialized files now loaded: 0)
System memory in use before: 70.7 MB.
System memory in use after: 70.7 MB.

Unloading 6 unused Assets to reduce memory usage. Loaded Objects now: 1928.
Total: 3.410500 ms (FindLiveObjects: 0.233800 ms CreateObjectMapping: 0.062700 ms MarkObjects: 2.903700 ms  DeleteObjects: 0.207900 ms)

========================================================================
Received Prepare
Registering precompiled user dll's ...
Registered in 0.001687 seconds.
Begin MonoManager ReloadAssembly
Native extension for WindowsStandalone target not found
Native extension for WebGL target not found
Refreshing native plugins compatible for Editor in 0.25 ms, found 0 plugins.
Preloading 0 native plugins for Editor in 0.00 ms.
Mono: successfully reloaded assembly
- Completed reload, in  0.885 seconds
Platform modules already initialized, skipping
Refreshing native plugins compatible for Editor in 0.27 ms, found 0 plugins.
Preloading 0 native plugins for Editor in 0.00 ms.
Unloading 1452 Unused Serialized files (Serialized files now loaded: 0)
System memory in use before: 70.7 MB.
System memory in use after: 70.7 MB.

Unloading 6 unused Assets to reduce memory usage. Loaded Objects now: 1931.
Total: 2.073200 ms (FindLiveObjects: 0.201100 ms CreateObjectMapping: 0.057700 ms MarkObjects: 1.685200 ms  DeleteObjects: 0.128300 ms)

========================================================================
Received Import Request.
  Time since last request: 165.014066 seconds.
  path: Assets/Scripts/CameraFollow.cs
  artifactKey: Guid(31c3a62252e642e4c922a8215af60bc3) Importer(815301076,1909f56bfc062723c751e8b465ee728b)
Start importing Assets/Scripts/CameraFollow.cs using Guid(31c3a62252e642e4c922a8215af60bc3) Importer(815301076,1909f56bfc062723c751e8b465ee728b)  -> (artifact id: 'cc632b1d648a10f23592b50aa17642ea') in 0.008585 seconds
  Import took 0.012453 seconds .

========================================================================
Received Import Request.
  Time since last request: 0.000472 seconds.
  path: Assets/Scripts/CameraFollow.cs
  artifactKey: Guid(31c3a62252e642e4c922a8215af60bc3) Importer(815301076,1909f56bfc062723c751e8b465ee728b)
Start importing Assets/Scripts/CameraFollow.cs using Guid(31c3a62252e642e4c922a8215af60bc3) Importer(815301076,1909f56bfc062723c751e8b465ee728b)  -> (artifact id: 'cc632b1d648a10f23592b50aa17642ea') in 0.003056 seconds
  Import took 0.006667 seconds .
=======
Total: 2.848900 ms (FindLiveObjects: 0.285100 ms CreateObjectMapping: 0.141600 ms MarkObjects: 2.259000 ms  DeleteObjects: 0.162000 ms)

========================================================================
Received Import Request.
  path: Assets/Prefabs/Movement Tester.prefab
  artifactKey: Guid(2e7e67e46a98161478001be92042e193) Importer(815301076,1909f56bfc062723c751e8b465ee728b)
Start importing Assets/Prefabs/Movement Tester.prefab using Guid(2e7e67e46a98161478001be92042e193) Importer(815301076,1909f56bfc062723c751e8b465ee728b)  -> (artifact id: '0d14d950d4e586a8e6b29f850762043a') in 0.133183 seconds
  Import took 0.135680 seconds .

========================================================================
Received Import Request.
  Time since last request: 4.856192 seconds.
  path: Assets/Prefabs/DeathBox Tester.prefab
  artifactKey: Guid(80c2d6caafc48b942a2dbfb028b57fb4) Importer(815301076,1909f56bfc062723c751e8b465ee728b)
Start importing Assets/Prefabs/DeathBox Tester.prefab using Guid(80c2d6caafc48b942a2dbfb028b57fb4) Importer(815301076,1909f56bfc062723c751e8b465ee728b)  -> (artifact id: 'ad8261cd9c825a267f12dd64b33223e0') in 0.015818 seconds
  Import took 0.018970 seconds .

========================================================================
Received Import Request.
  Time since last request: 0.001235 seconds.
  path: Assets/Prefabs/DeathBox Tester.prefab
  artifactKey: Guid(80c2d6caafc48b942a2dbfb028b57fb4) Importer(815301076,1909f56bfc062723c751e8b465ee728b)
Start importing Assets/Prefabs/DeathBox Tester.prefab using Guid(80c2d6caafc48b942a2dbfb028b57fb4) Importer(815301076,1909f56bfc062723c751e8b465ee728b)  -> (artifact id: 'ad8261cd9c825a267f12dd64b33223e0') in 0.010486 seconds
  Import took 0.013220 seconds .

========================================================================
Received Import Request.
  Time since last request: 9.654198 seconds.
  path: Assets/Scenes/Test.unity
  artifactKey: Guid(027e4a30ea38e6b4fa9ec592be2b9b86) Importer(815301076,1909f56bfc062723c751e8b465ee728b)
Start importing Assets/Scenes/Test.unity using Guid(027e4a30ea38e6b4fa9ec592be2b9b86) Importer(815301076,1909f56bfc062723c751e8b465ee728b)  -> (artifact id: 'b790a3bb5cc041b72706bbcc764ba9c8') in 0.009509 seconds
  Import took 0.013287 seconds .
>>>>>>> main

AssetImportWorkerClient::OnTransportError - code=2 error=End of file
